<?xml version="1.0" encoding="UTF-8"?>
<testsuite name="JenkinsGradleDemoClassTest" tests="1" skipped="0" failures="0" errors="0" timestamp="2018-12-14T03:03:57" hostname="DESKTOP-KU0S09F" time="0.004">
  <properties/>
  <testcase name="op" classname="JenkinsGradleDemoClassTest" time="0.004"/>
  <system-out><![CDATA[]]></system-out>
  <system-err><![CDATA[]]></system-err>
</testsuite>
